Arguments: 
  C:\Program Files\nodejs\node.exe C:\Program Files (x86)\Yarn\bin\yarn.js add @tarojs/redux --silent --no-progress

PATH: 
  C:\Users\admin\AppData\Roaming\npm\node_modules\npm\node_modules\npm-lifecycle\node-gyp-bin;D:\project\athena-mobile\node_modules\.bin;C:\Users\admin\AppData\Roaming\npm\node_modules\npm\node_modules\npm-lifecycle\node-gyp-bin;D:\project\athena-mobile\node_modules\.bin;C:\Program Files\Java\jdk1.8.0_144\bin;C:\ProgramData\Oracle\Java\javapath;C:\Windows\system32;C:\Windows;C:\Windows\System32\Wbem;C:\Windows\System32\WindowsPowerShell\v1.0\;C:\mysql\bin;C:\Program Files\TortoiseSVN\bin;D:\apache-maven-3.5.0\bin;%M2_REPO%;C:\Program Files\nodejs\;C:\Program Files\Git\cmd;C:\Program Files\Git\usr\bin;C:\Program Files (x86)\Yarn\bin\;;D:\Microsoft VS Code\bin;C:\Users\admin\AppData\Roaming\npm;C:\Users\admin\AppData\Local\Yarn\bin

Yarn version: 
  1.19.2

Node version: 
  8.9.4

Platform: 
  win32 x64

Trace: 
  Error: connect ETIMEDOUT 104.16.17.35:443
      at Object._errnoException (util.js:1022:11)
      at _exceptionWithHostPort (util.js:1044:20)
      at TCPConnectWrap.afterConnect [as oncomplete] (net.js:1182:14)

npm manifest: 
  {
    "name": "athena-mobile",
    "version": "1.0.0",
    "private": true,
    "description": "雅典娜项目 移动端功能",
    "templateInfo": {
      "name": "default",
      "typescript": true,
      "css": "sass"
    },
    "scripts": {
      "lint": "eslint src --fix --ext .ts,.tsx",
      "build:weapp": "taro build --type weapp",
      "build:swan": "taro build --type swan",
      "build:alipay": "taro build --type alipay",
      "build:tt": "taro build --type tt",
      "build:h5": "taro build --type h5",
      "build:rn": "taro build --type rn",
      "dev:weapp": "npm run build:weapp -- --watch",
      "dev:swan": "npm run build:swan -- --watch",
      "dev:alipay": "npm run build:alipay -- --watch",
      "dev:tt": "npm run build:tt -- --watch",
      "dev:h5": "npm run build:h5 -- --watch",
      "dev:rn": "npm run build:rn -- --watch"
    },
    "author": "",
    "license": "MIT",
    "dependencies": {
      "@tarojs/async-await": "1.3.34",
      "@tarojs/cli": "1.3.34",
      "@tarojs/components": "1.3.34",
      "@tarojs/redux": "1.3.34",
      "@tarojs/redux-h5": "1.3.34",
      "@tarojs/router": "1.3.34",
      "@tarojs/taro": "1.3.34",
      "@tarojs/taro-alipay": "1.3.34",
      "@tarojs/taro-h5": "1.3.34",
      "@tarojs/taro-swan": "1.3.34",
      "@tarojs/taro-tt": "1.3.34",
      "@tarojs/taro-weapp": "1.3.34",
      "@tarojs/with-weapp": "^1.3.20",
      "classnames": "^2.2.6",
      "nerv-devtools": "^1.5.6",
      "nervjs": "^1.5.6",
      "redux": "^4.0.5",
      "redux-logger": "^3.0.6",
      "redux-thunk": "^2.3.0",
      "taro-skeleton": "^1.0.12",
      "taro-ui": "^2.2.4",
      "throttle-debounce": "^2.1.0",
      "weapp-qrcode": "^1.0.0"
    },
    "devDependencies": {
      "@tarojs/plugin-babel": "1.3.34",
      "@tarojs/plugin-csso": "1.3.34",
      "@tarojs/plugin-sass": "1.3.34",
      "@tarojs/plugin-uglifyjs": "1.3.34",
      "@tarojs/webpack-runner": "1.3.34",
      "@types/react": "^16.4.6",
      "@types/webpack-env": "^1.13.6",
      "@typescript-eslint/parser": "^1.6.0",
      "babel-eslint": "^8.2.3",
      "babel-plugin-transform-class-properties": "^6.24.1",
      "babel-plugin-transform-decorators-legacy": "^1.3.5",
      "babel-plugin-transform-export-extensions": "^6.22.0",
      "babel-plugin-transform-jsx-stylesheet": "^0.6.5",
      "babel-plugin-transform-object-rest-spread": "^6.26.0",
      "babel-preset-env": "^1.7.0",
      "eslint": "^5.16.0",
      "eslint-config-taro": "1.3.34",
      "eslint-plugin-import": "^2.12.0",
      "eslint-plugin-prettier": "^3.1.1",
      "eslint-plugin-react": "^7.8.2",
      "eslint-plugin-react-hooks": "^2.0.1",
      "eslint-plugin-taro": "1.3.34",
      "prettier": "^1.18.2",
      "stylelint": "9.3.0",
      "stylelint-config-taro-rn": "1.3.34",
      "stylelint-taro-rn": "1.3.34",
      "typescript": "^3.0.1"
    }
  }

yarn manifest: 
  No manifest

Lockfile: 
  No lockfile
